#-----------------------------------------------------------
# Webtalk v2019.1 (64-bit)
# SW Build 2552052 on Fri May 24 14:49:42 MDT 2019
# 
# Start of session at: Sun Sep 12 03:06:07 2021
# Process ID: 24688
# Current directory: C:/work/Kyber512_CCAKEM_Masked/Kyber512_CCAKEM_Masked.sdk/webtalk
# Command line: wbtcv.exe -mode batch -source sdk_webtalk.tcl
# Log file: C:/work/Kyber512_CCAKEM_Masked/Kyber512_CCAKEM_Masked.sdk/webtalk/webtalk.log
# Journal file: C:/work/Kyber512_CCAKEM_Masked/Kyber512_CCAKEM_Masked.sdk/webtalk\webtalk.jou
#-----------------------------------------------------------
source sdk_webtalk.tcl
# webtalk_init -webtalk_dir C:\\work\\Kyber512_CCAKEM_Masked\\Kyber512_CCAKEM_Masked.sdk\\webtalk
# webtalk_register_client -client project
# webtalk_add_data -client project -key date_generated -value "2021-09-12 03:06:06" -context "software_version_and_target_device"
# webtalk_add_data -client project -key product_version -value "SDK v2019.1" -context "software_version_and_target_device"
# webtalk_add_data -client project -key build_version -value "2019.1" -context "software_version_and_target_device"
# webtalk_add_data -client project -key os_platform -value "amd64" -context "software_version_and_target_device"
# webtalk_add_data -client project -key registration_id -value "174134878_174134879_210693375_502" -context "software_version_and_target_device"
# webtalk_add_data -client project -key tool_flow -value "SDK" -context "software_version_and_target_device"
# webtalk_add_data -client project -key beta -value "false" -context "software_version_and_target_device"
# webtalk_add_data -client project -key route_design -value "NA" -context "software_version_and_target_device"
# webtalk_add_data -client project -key target_family -value "NA" -context "software_version_and_target_device"
# webtalk_add_data -client project -key target_device -value "NA" -context "software_version_and_target_device"
# webtalk_add_data -client project -key target_package -value "NA" -context "software_version_and_target_device"
# webtalk_add_data -client project -key target_speed -value "NA" -context "software_version_and_target_device"
# webtalk_add_data -client project -key random_id -value "24gp8rh56ncj540jqtccs3k59l" -context "software_version_and_target_device"
# webtalk_add_data -client project -key project_id -value "2019.1_4" -context "software_version_and_target_device"
# webtalk_add_data -client project -key project_iteration -value "4" -context "software_version_and_target_device"
# webtalk_add_data -client project -key os_name -value "Microsoft Windows 8 or later , 64-bit" -context "user_environment"
# webtalk_add_data -client project -key os_release -value "major release  (build 9200)" -context "user_environment"
# webtalk_add_data -client project -key cpu_name -value "Intel(R) Core(TM) i7-8700 CPU @ 3.20GHz" -context "user_environment"
# webtalk_add_data -client project -key cpu_speed -value "3192 MHz" -context "user_environment"
# webtalk_add_data -client project -key total_processors -value "1" -context "user_environment"
# webtalk_add_data -client project -key system_ram -value "16.974 GB" -context "user_environment"
# webtalk_register_client -client sdk
# webtalk_add_data -client sdk -key uid -value "1628572438474" -context "sdk\\\\hardware/1628572438474"
# webtalk_add_data -client sdk -key isZynq -value "false" -context "sdk\\\\hardware/1628572438474"
# webtalk_add_data -client sdk -key isZynqMP -value "false" -context "sdk\\\\hardware/1628572438474"
# webtalk_add_data -client sdk -key Processors -value "1" -context "sdk\\\\hardware/1628572438474"
# webtalk_add_data -client sdk -key VivadoVersion -value "2019.1" -context "sdk\\\\hardware/1628572438474"
# webtalk_add_data -client sdk -key Arch -value "virtex7" -context "sdk\\\\hardware/1628572438474"
# webtalk_add_data -client sdk -key Device -value "7vx485t" -context "sdk\\\\hardware/1628572438474"
# webtalk_add_data -client sdk -key IsHandoff -value "true" -context "sdk\\\\hardware/1628572438474"
# webtalk_add_data -client sdk -key os -value "NA" -context "sdk\\\\hardware/1628572438474"
# webtalk_add_data -client sdk -key apptemplate -value "NA" -context "sdk\\\\hardware/1628572438474"
# webtalk_add_data -client sdk -key RecordType -value "HWCreation" -context "sdk\\\\hardware/1628572438474"
# webtalk_add_data -client sdk -key uid -value "1628572966520" -context "sdk\\\\bsp/1628572966520"
# webtalk_add_data -client sdk -key hwid -value "1628572438474" -context "sdk\\\\bsp/1628572966520"
# webtalk_add_data -client sdk -key os -value "standalone" -context "sdk\\\\bsp/1628572966520"
# webtalk_add_data -client sdk -key apptemplate -value "empty_application" -context "sdk\\\\bsp/1628572966520"
# webtalk_add_data -client sdk -key RecordType -value "BSPCreation" -context "sdk\\\\bsp/1628572966520"
# webtalk_add_data -client sdk -key uid -value "1628572967796" -context "sdk\\\\application/1628572967796"
# webtalk_add_data -client sdk -key hwid -value "1628572438474" -context "sdk\\\\application/1628572967796"
# webtalk_add_data -client sdk -key bspid -value "1628572966520" -context "sdk\\\\application/1628572967796"
# webtalk_add_data -client sdk -key newbsp -value "true" -context "sdk\\\\application/1628572967796"
# webtalk_add_data -client sdk -key os -value "standalone" -context "sdk\\\\application/1628572967796"
# webtalk_add_data -client sdk -key apptemplate -value "empty_application" -context "sdk\\\\application/1628572967796"
# webtalk_add_data -client sdk -key RecordType -value "APPCreation" -context "sdk\\\\application/1628572967796"
# webtalk_add_data -client sdk -key LangUsed -value "CPP" -context "sdk\\\\application/1628572967796"
# webtalk_add_data -client sdk -key Procused -value "microblaze" -context "sdk\\\\application/1628572967796"
# webtalk_add_data -client sdk -key projSize -value "120.84375" -context "sdk\\\\application/1628572967796"
# webtalk_add_data -client sdk -key uid -value "NA" -context "sdk\\\\bsp/1631433966266"
# webtalk_add_data -client sdk -key RecordType -value "ToolUsage" -context "sdk\\\\bsp/1631433966266"
# webtalk_add_data -client sdk -key BootgenCount -value "0" -context "sdk\\\\bsp/1631433966266"
# webtalk_add_data -client sdk -key DebugCount -value "71" -context "sdk\\\\bsp/1631433966266"
# webtalk_add_data -client sdk -key PerfCount -value "0" -context "sdk\\\\bsp/1631433966266"
# webtalk_add_data -client sdk -key FlashCount -value "0" -context "sdk\\\\bsp/1631433966266"
# webtalk_add_data -client sdk -key CrossTriggCount -value "0" -context "sdk\\\\bsp/1631433966266"
# webtalk_add_data -client sdk -key QemuDebugCount -value "0" -context "sdk\\\\bsp/1631433966266"
# webtalk_transmit -clientid 1477247584 -regid "174134878_174134879_210693375_502" -xml C:\\work\\Kyber512_CCAKEM_Masked\\Kyber512_CCAKEM_Masked.sdk\\webtalk\\usage_statistics_ext_sdk.xml -html C:\\work\\Kyber512_CCAKEM_Masked\\Kyber512_CCAKEM_Masked.sdk\\webtalk\\usage_statistics_ext_sdk.html -wdm C:\\work\\Kyber512_CCAKEM_Masked\\Kyber512_CCAKEM_Masked.sdk\\webtalk\\sdk_webtalk.wdm -intro "<H3>SDK Usage Report</H3><BR>"
# webtalk_terminate
INFO: [Common 17-206] Exiting Webtalk at Sun Sep 12 03:06:08 2021...
